# JRE version: OpenJDK Runtime Environment (25.0.1+8) (build 25.0.1+8-27)
# Java VM: OpenJDK 64-Bit Server VM (25.0.1+8-27, mixed mode, emulated-client, sharing, tiered, compressed oops, compressed class ptrs, g1 gc, windows-amd64)
GC Precious Log:
 CardTable entry size: 512
 Card Set container configuration: InlinePtr #cards 5 size 8 Array Of Cards #cards 10 size 36 Howl #buckets 4 coarsen threshold 1843 Howl Bitmap #cards 512 size 80 coarsen threshold 460 Card regions per heap region 1 cards per card region 2048
 CPUs: 8 total, 8 available
 Memory: 7859M
 Large Page Support: Disabled
 NUMA Support: Disabled
 Compressed Oops: Enabled (32-bit)
 Heap Region Size: 1M
 Heap Min Capacity: 8M
 Heap Initial Capacity: 124M
 Heap Max Capacity: 1966M
 Pre-touch: Disabled
 Parallel Workers: 8
 Concurrent Workers: 2
 Concurrent Refinement Workers: 8
 Periodic GC: Disabled
Heap:
 garbage-first heap   total reserved 2013184K, committed 71680K, used 51753K [0x0000000085200000, 0x0000000100000000)
  region size 1024K, 15 young (15360K), 4 survivors (4096K)
GC Heap Usage History (20 events):
Event: 6.095 {heap Before GC invocations=11 (full 0):
 garbage-first heap   total reserved 2013184K, committed 55296K, used 46448K [0x0000000085200000, 0x0000000100000000)
  region size 1024K, 26 young (26624K), 4 survivors (4096K)
}
Event: 6.099 {heap After GC invocations=12 (full 0):
 garbage-first heap   total reserved 2013184K, committed 55296K, used 25953K [0x0000000085200000, 0x0000000100000000)
  region size 1024K, 3 young (3072K), 3 survivors (3072K)
}
Event: 6.628 {heap Before GC invocations=12 (full 0):
 garbage-first heap   total reserved 2013184K, committed 55296K, used 47457K [0x0000000085200000, 0x0000000100000000)
  region size 1024K, 25 young (25600K), 3 survivors (3072K)
}
Event: 6.631 {heap After GC invocations=13 (full 0):
 garbage-first heap   total reserved 2013184K, committed 66560K, used 28350K [0x0000000085200000, 0x0000000100000000)
  region size 1024K, 4 young (4096K), 4 survivors (4096K)
}
Event: 7.007 {heap Before GC invocations=13 (full 0):
 garbage-first heap   total reserved 2013184K, committed 66560K, used 51902K [0x0000000085200000, 0x0000000100000000)
  region size 1024K, 28 young (28672K), 4 survivors (4096K)
}
Event: 7.011 {heap After GC invocations=14 (full 0):
 garbage-first heap   total reserved 2013184K, committed 66560K, used 29587K [0x0000000085200000, 0x0000000100000000)
  region size 1024K, 2 young (2048K), 2 survivors (2048K)
}
Event: 7.512 {heap Before GC invocations=15 (full 0):
 garbage-first heap   total reserved 2013184K, committed 66560K, used 57235K [0x0000000085200000, 0x0000000100000000)
  region size 1024K, 30 young (30720K), 2 survivors (2048K)
}
Event: 7.515 {heap After GC invocations=16 (full 0):
 garbage-first heap   total reserved 2013184K, committed 66560K, used 30831K [0x0000000085200000, 0x0000000100000000)
  region size 1024K, 3 young (3072K), 3 survivors (3072K)
}
Event: 8.044 {heap Before GC invocations=16 (full 0):
 garbage-first heap   total reserved 2013184K, committed 66560K, used 58479K [0x0000000085200000, 0x0000000100000000)
  region size 1024K, 31 young (31744K), 3 survivors (3072K)
}
Event: 8.048 {heap After GC invocations=17 (full 0):
 garbage-first heap   total reserved 2013184K, committed 66560K, used 32233K [0x0000000085200000, 0x0000000100000000)
  region size 1024K, 3 young (3072K), 3 survivors (3072K)
}
Event: 8.468 {heap Before GC invocations=17 (full 0):
 garbage-first heap   total reserved 2013184K, committed 66560K, used 59881K [0x0000000085200000, 0x0000000100000000)
  region size 1024K, 30 young (30720K), 3 survivors (3072K)
}
Event: 8.472 {heap After GC invocations=18 (full 0):
 garbage-first heap   total reserved 2013184K, committed 66560K, used 33966K [0x0000000085200000, 0x0000000100000000)
  region size 1024K, 4 young (4096K), 4 survivors (4096K)
}
Event: 8.883 {heap Before GC invocations=18 (full 0):
 garbage-first heap   total reserved 2013184K, committed 66560K, used 59566K [0x0000000085200000, 0x0000000100000000)
  region size 1024K, 30 young (30720K), 4 survivors (4096K)
}
Event: 8.890 {heap After GC invocations=19 (full 0):
 garbage-first heap   total reserved 2013184K, committed 67584K, used 36332K [0x0000000085200000, 0x0000000100000000)
  region size 1024K, 4 young (4096K), 4 survivors (4096K)
}
Event: 9.229 {heap Before GC invocations=20 (full 0):
 garbage-first heap   total reserved 2013184K, committed 67584K, used 59884K [0x0000000085200000, 0x0000000100000000)
  region size 1024K, 28 young (28672K), 4 survivors (4096K)
}
Event: 9.234 {heap After GC invocations=21 (full 0):
 garbage-first heap   total reserved 2013184K, committed 68608K, used 38320K [0x0000000085200000, 0x0000000100000000)
  region size 1024K, 3 young (3072K), 3 survivors (3072K)
}
Event: 9.583 {heap Before GC invocations=21 (full 0):
 garbage-first heap   total reserved 2013184K, committed 68608K, used 61872K [0x0000000085200000, 0x0000000100000000)
  region size 1024K, 26 young (26624K), 3 survivors (3072K)
}
Event: 9.587 {heap After GC invocations=22 (full 0):
 garbage-first heap   total reserved 2013184K, committed 68608K, used 40238K [0x0000000085200000, 0x0000000100000000)
  region size 1024K, 4 young (4096K), 4 survivors (4096K)
}
Event: 47.493 {heap Before GC invocations=22 (full 0):
 garbage-first heap   total reserved 2013184K, committed 68608K, used 61742K [0x0000000085200000, 0x0000000100000000)
  region size 1024K, 26 young (26624K), 4 survivors (4096K)
}
Event: 47.500 {heap After GC invocations=23 (full 0):
 garbage-first heap   total reserved 2013184K, committed 69632K, used 41513K [0x0000000085200000, 0x0000000100000000)
  region size 1024K, 4 young (4096K), 4 survivors (4096K)
}

